2017-03-06 10:49:54,766 INFO org.apache.hadoop.yarn.client.RMProxy: Connecting to ResourceManager at /0.0.0.0:8032
2017-03-06 10:49:57,637 WARN org.apache.hadoop.util.NativeCodeLoader: Unable to load native-hadoop library for your platform... using builtin-java classes where applicable
2017-03-06 10:50:39,787 INFO org.apache.hadoop.yarn.client.RMProxy: Connecting to ResourceManager at /0.0.0.0:8032
2017-03-06 10:50:40,978 WARN org.apache.hadoop.util.NativeCodeLoader: Unable to load native-hadoop library for your platform... using builtin-java classes where applicable
2017-03-06 10:52:46,181 INFO org.apache.hadoop.yarn.client.RMProxy: Connecting to ResourceManager at /0.0.0.0:8032
2017-03-06 10:52:46,882 WARN org.apache.hadoop.util.NativeCodeLoader: Unable to load native-hadoop library for your platform... using builtin-java classes where applicable
2017-03-06 10:55:08,307 INFO org.apache.hadoop.yarn.client.RMProxy: Connecting to ResourceManager at /0.0.0.0:8032
2017-03-06 10:55:09,361 WARN org.apache.hadoop.util.NativeCodeLoader: Unable to load native-hadoop library for your platform... using builtin-java classes where applicable
2017-03-06 10:57:43,718 WARN org.apache.hadoop.util.NativeCodeLoader: Unable to load native-hadoop library for your platform... using builtin-java classes where applicable
2017-03-06 10:57:45,275 INFO org.apache.hadoop.conf.Configuration.deprecation: session.id is deprecated. Instead, use dfs.metrics.session-id
2017-03-06 10:57:45,282 INFO org.apache.hadoop.metrics.jvm.JvmMetrics: Initializing JVM Metrics with processName=JobTracker, sessionId=
2017-03-06 10:57:45,500 INFO org.apache.hadoop.metrics.jvm.JvmMetrics: Cannot initialize JVM Metrics with processName=JobTracker, sessionId= - already initialized
2017-03-06 10:57:46,468 WARN org.apache.hadoop.mapreduce.JobResourceUploader: Hadoop command-line option parsing not performed. Implement the Tool interface and execute your application with ToolRunner to remedy this.
2017-03-06 10:57:46,491 WARN org.apache.hadoop.mapreduce.JobResourceUploader: No job jar file set.  User classes may not be found. See Job or Job#setJar(String).
2017-03-06 10:57:46,566 INFO org.apache.hadoop.mapred.FileInputFormat: Total input paths to process : 1
2017-03-06 10:57:46,769 INFO org.apache.hadoop.mapreduce.JobSubmitter: number of splits:7
2017-03-06 10:57:47,476 INFO org.apache.hadoop.mapreduce.JobSubmitter: Submitting tokens for job: job_local968024457_0001
2017-03-06 10:57:48,362 INFO org.apache.hadoop.mapreduce.Job: The url to track the job: http://localhost:8080/
2017-03-06 10:57:48,389 INFO org.apache.hadoop.mapred.LocalJobRunner: OutputCommitter set in config null
2017-03-06 10:57:48,390 INFO org.apache.hadoop.mapreduce.Job: Running job: job_local968024457_0001
2017-03-06 10:57:48,409 INFO org.apache.hadoop.mapred.LocalJobRunner: OutputCommitter is org.apache.hadoop.mapred.FileOutputCommitter
2017-03-06 10:57:48,439 INFO org.apache.hadoop.mapreduce.lib.output.FileOutputCommitter: File Output Committer Algorithm version is 1
2017-03-06 10:57:48,582 INFO org.apache.hadoop.mapred.LocalJobRunner: Waiting for map tasks
2017-03-06 10:57:48,603 INFO org.apache.hadoop.mapred.LocalJobRunner: Starting task: attempt_local968024457_0001_m_000000_0
2017-03-06 10:57:48,730 INFO org.apache.hadoop.mapreduce.lib.output.FileOutputCommitter: File Output Committer Algorithm version is 1
2017-03-06 10:57:48,843 INFO org.apache.hadoop.mapred.Task:  Using ResourceCalculatorProcessTree : [ ]
2017-03-06 10:57:48,879 INFO org.apache.hadoop.mapred.MapTask: Processing split: file:/home/cloudera/workspace/training/purchases.txt:0+33554432
2017-03-06 10:57:48,912 INFO org.apache.hadoop.mapred.MapTask: numReduceTasks: 1
2017-03-06 10:57:49,408 INFO org.apache.hadoop.mapreduce.Job: Job job_local968024457_0001 running in uber mode : false
2017-03-06 10:57:49,568 INFO org.apache.hadoop.mapreduce.Job:  map 0% reduce 0%
2017-03-06 10:57:50,718 INFO org.apache.hadoop.mapred.MapTask: (EQUATOR) 0 kvi 26214396(104857584)
2017-03-06 10:57:50,718 INFO org.apache.hadoop.mapred.MapTask: mapreduce.task.io.sort.mb: 100
2017-03-06 10:57:50,718 INFO org.apache.hadoop.mapred.MapTask: soft limit at 83886080
2017-03-06 10:57:50,718 INFO org.apache.hadoop.mapred.MapTask: bufstart = 0; bufvoid = 104857600
2017-03-06 10:57:50,719 INFO org.apache.hadoop.mapred.MapTask: kvstart = 26214396; length = 6553600
2017-03-06 10:57:50,731 INFO org.apache.hadoop.mapred.MapTask: Map output collector class = org.apache.hadoop.mapred.MapTask$MapOutputBuffer
2017-03-06 10:57:54,785 INFO org.apache.hadoop.mapred.LocalJobRunner: file:/home/cloudera/workspace/training/purchases.txt:0+33554432 > map
2017-03-06 10:57:55,352 INFO org.apache.hadoop.mapreduce.Job:  map 5% reduce 0%
2017-03-06 10:57:57,917 INFO org.apache.hadoop.mapred.LocalJobRunner: file:/home/cloudera/workspace/training/purchases.txt:0+33554432 > map
2017-03-06 10:57:58,355 INFO org.apache.hadoop.mapreduce.Job:  map 8% reduce 0%
2017-03-06 10:58:00,504 INFO org.apache.hadoop.mapred.LocalJobRunner: file:/home/cloudera/workspace/training/purchases.txt:0+33554432 > map
2017-03-06 10:58:00,505 INFO org.apache.hadoop.mapred.MapTask: Starting flush of map output
2017-03-06 10:58:00,505 INFO org.apache.hadoop.mapred.MapTask: Spilling map output
2017-03-06 10:58:00,505 INFO org.apache.hadoop.mapred.MapTask: bufstart = 0; bufend = 11580074; bufvoid = 104857600
2017-03-06 10:58:00,505 INFO org.apache.hadoop.mapred.MapTask: kvstart = 26214396(104857584); kvend = 23586356(94345424); length = 2628041/6553600
2017-03-06 10:58:00,919 INFO org.apache.hadoop.mapred.LocalJobRunner: file:/home/cloudera/workspace/training/purchases.txt:0+33554432 > sort
2017-03-06 10:58:01,358 INFO org.apache.hadoop.mapreduce.Job:  map 10% reduce 0%
2017-03-06 10:58:02,647 INFO org.apache.hadoop.mapred.MapTask: Finished spill 0
2017-03-06 10:58:02,668 INFO org.apache.hadoop.mapred.Task: Task:attempt_local968024457_0001_m_000000_0 is done. And is in the process of committing
2017-03-06 10:58:02,675 INFO org.apache.hadoop.mapred.LocalJobRunner: file:/home/cloudera/workspace/training/purchases.txt:0+33554432
2017-03-06 10:58:02,675 INFO org.apache.hadoop.mapred.Task: Task 'attempt_local968024457_0001_m_000000_0' done.
2017-03-06 10:58:02,675 INFO org.apache.hadoop.mapred.LocalJobRunner: Finishing task: attempt_local968024457_0001_m_000000_0
2017-03-06 10:58:02,676 INFO org.apache.hadoop.mapred.LocalJobRunner: Starting task: attempt_local968024457_0001_m_000001_0
2017-03-06 10:58:02,678 INFO org.apache.hadoop.mapreduce.lib.output.FileOutputCommitter: File Output Committer Algorithm version is 1
2017-03-06 10:58:02,679 INFO org.apache.hadoop.mapred.Task:  Using ResourceCalculatorProcessTree : [ ]
2017-03-06 10:58:02,682 INFO org.apache.hadoop.mapred.MapTask: Processing split: file:/home/cloudera/workspace/training/purchases.txt:33554432+33554432
2017-03-06 10:58:02,725 INFO org.apache.hadoop.mapred.MapTask: numReduceTasks: 1
2017-03-06 10:58:02,745 INFO org.apache.hadoop.mapred.MapTask: (EQUATOR) 0 kvi 26214396(104857584)
2017-03-06 10:58:02,745 INFO org.apache.hadoop.mapred.MapTask: mapreduce.task.io.sort.mb: 100
2017-03-06 10:58:02,745 INFO org.apache.hadoop.mapred.MapTask: soft limit at 83886080
2017-03-06 10:58:02,746 INFO org.apache.hadoop.mapred.MapTask: bufstart = 0; bufvoid = 104857600
2017-03-06 10:58:02,746 INFO org.apache.hadoop.mapred.MapTask: kvstart = 26214396; length = 6553600
2017-03-06 10:58:02,748 INFO org.apache.hadoop.mapred.MapTask: Map output collector class = org.apache.hadoop.mapred.MapTask$MapOutputBuffer
2017-03-06 10:58:09,671 INFO org.apache.hadoop.mapreduce.Job:  map 100% reduce 0%
2017-03-06 10:58:11,938 INFO org.apache.hadoop.mapred.LocalJobRunner: 
2017-03-06 10:58:11,939 INFO org.apache.hadoop.mapred.MapTask: Starting flush of map output
2017-03-06 10:58:11,939 INFO org.apache.hadoop.mapred.MapTask: Spilling map output
2017-03-06 10:58:11,939 INFO org.apache.hadoop.mapred.MapTask: bufstart = 0; bufend = 11579860; bufvoid = 104857600
2017-03-06 10:58:11,939 INFO org.apache.hadoop.mapred.MapTask: kvstart = 26214396(104857584); kvend = 23585260(94341040); length = 2629137/6553600
2017-03-06 10:58:12,675 INFO org.apache.hadoop.mapreduce.Job:  map 14% reduce 0%
2017-03-06 10:58:12,676 INFO org.apache.hadoop.mapred.LocalJobRunner: file:/home/cloudera/workspace/training/purchases.txt:33554432+33554432 > sort
2017-03-06 10:58:13,480 INFO org.apache.hadoop.mapred.MapTask: Finished spill 0
2017-03-06 10:58:13,532 INFO org.apache.hadoop.mapred.Task: Task:attempt_local968024457_0001_m_000001_0 is done. And is in the process of committing
2017-03-06 10:58:13,535 INFO org.apache.hadoop.mapred.LocalJobRunner: file:/home/cloudera/workspace/training/purchases.txt:33554432+33554432
2017-03-06 10:58:13,535 INFO org.apache.hadoop.mapred.Task: Task 'attempt_local968024457_0001_m_000001_0' done.
2017-03-06 10:58:13,535 INFO org.apache.hadoop.mapred.LocalJobRunner: Finishing task: attempt_local968024457_0001_m_000001_0
2017-03-06 10:58:13,535 INFO org.apache.hadoop.mapred.LocalJobRunner: Starting task: attempt_local968024457_0001_m_000002_0
2017-03-06 10:58:13,538 INFO org.apache.hadoop.mapreduce.lib.output.FileOutputCommitter: File Output Committer Algorithm version is 1
2017-03-06 10:58:13,539 INFO org.apache.hadoop.mapred.Task:  Using ResourceCalculatorProcessTree : [ ]
2017-03-06 10:58:13,541 INFO org.apache.hadoop.mapred.MapTask: Processing split: file:/home/cloudera/workspace/training/purchases.txt:67108864+33554432
2017-03-06 10:58:13,547 INFO org.apache.hadoop.mapred.MapTask: numReduceTasks: 1
2017-03-06 10:58:13,571 INFO org.apache.hadoop.mapred.MapTask: (EQUATOR) 0 kvi 26214396(104857584)
2017-03-06 10:58:13,572 INFO org.apache.hadoop.mapred.MapTask: mapreduce.task.io.sort.mb: 100
2017-03-06 10:58:13,572 INFO org.apache.hadoop.mapred.MapTask: soft limit at 83886080
2017-03-06 10:58:13,572 INFO org.apache.hadoop.mapred.MapTask: bufstart = 0; bufvoid = 104857600
2017-03-06 10:58:13,572 INFO org.apache.hadoop.mapred.MapTask: kvstart = 26214396; length = 6553600
2017-03-06 10:58:13,574 INFO org.apache.hadoop.mapred.MapTask: Map output collector class = org.apache.hadoop.mapred.MapTask$MapOutputBuffer
2017-03-06 10:58:13,677 INFO org.apache.hadoop.mapreduce.Job:  map 100% reduce 0%
2017-03-06 10:58:20,952 INFO org.apache.hadoop.mapred.LocalJobRunner: 
2017-03-06 10:58:20,952 INFO org.apache.hadoop.mapred.MapTask: Starting flush of map output
2017-03-06 10:58:20,952 INFO org.apache.hadoop.mapred.MapTask: Spilling map output
2017-03-06 10:58:20,952 INFO org.apache.hadoop.mapred.MapTask: bufstart = 0; bufend = 11579805; bufvoid = 104857600
2017-03-06 10:58:20,953 INFO org.apache.hadoop.mapred.MapTask: kvstart = 26214396(104857584); kvend = 23586148(94344592); length = 2628249/6553600
2017-03-06 10:58:21,254 INFO org.apache.hadoop.mapreduce.Job:  map 29% reduce 0%
2017-03-06 10:58:21,257 INFO org.apache.hadoop.mapred.LocalJobRunner: file:/home/cloudera/workspace/training/purchases.txt:67108864+33554432 > sort
2017-03-06 10:58:22,144 INFO org.apache.hadoop.mapred.MapTask: Finished spill 0
2017-03-06 10:58:22,255 INFO org.apache.hadoop.mapreduce.Job:  map 38% reduce 0%
2017-03-06 10:58:23,040 INFO org.apache.hadoop.mapred.Task: Task:attempt_local968024457_0001_m_000002_0 is done. And is in the process of committing
2017-03-06 10:58:23,043 INFO org.apache.hadoop.mapred.LocalJobRunner: file:/home/cloudera/workspace/training/purchases.txt:67108864+33554432
2017-03-06 10:58:23,043 INFO org.apache.hadoop.mapred.Task: Task 'attempt_local968024457_0001_m_000002_0' done.
2017-03-06 10:58:23,044 INFO org.apache.hadoop.mapred.LocalJobRunner: Finishing task: attempt_local968024457_0001_m_000002_0
2017-03-06 10:58:23,044 INFO org.apache.hadoop.mapred.LocalJobRunner: Starting task: attempt_local968024457_0001_m_000003_0
2017-03-06 10:58:23,047 INFO org.apache.hadoop.mapreduce.lib.output.FileOutputCommitter: File Output Committer Algorithm version is 1
2017-03-06 10:58:23,048 INFO org.apache.hadoop.mapred.Task:  Using ResourceCalculatorProcessTree : [ ]
2017-03-06 10:58:23,051 INFO org.apache.hadoop.mapred.MapTask: Processing split: file:/home/cloudera/workspace/training/purchases.txt:100663296+33554432
2017-03-06 10:58:23,054 INFO org.apache.hadoop.mapred.MapTask: numReduceTasks: 1
2017-03-06 10:58:23,078 INFO org.apache.hadoop.mapred.MapTask: (EQUATOR) 0 kvi 26214396(104857584)
2017-03-06 10:58:23,078 INFO org.apache.hadoop.mapred.MapTask: mapreduce.task.io.sort.mb: 100
2017-03-06 10:58:23,078 INFO org.apache.hadoop.mapred.MapTask: soft limit at 83886080
2017-03-06 10:58:23,078 INFO org.apache.hadoop.mapred.MapTask: bufstart = 0; bufvoid = 104857600
2017-03-06 10:58:23,078 INFO org.apache.hadoop.mapred.MapTask: kvstart = 26214396; length = 6553600
2017-03-06 10:58:23,081 INFO org.apache.hadoop.mapred.MapTask: Map output collector class = org.apache.hadoop.mapred.MapTask$MapOutputBuffer
2017-03-06 10:58:23,256 INFO org.apache.hadoop.mapreduce.Job:  map 100% reduce 0%
2017-03-06 10:58:27,686 INFO org.apache.hadoop.mapred.LocalJobRunner: 
2017-03-06 10:58:27,686 INFO org.apache.hadoop.mapred.MapTask: Starting flush of map output
2017-03-06 10:58:27,686 INFO org.apache.hadoop.mapred.MapTask: Spilling map output
2017-03-06 10:58:27,687 INFO org.apache.hadoop.mapred.MapTask: bufstart = 0; bufend = 11579843; bufvoid = 104857600
2017-03-06 10:58:27,687 INFO org.apache.hadoop.mapred.MapTask: kvstart = 26214396(104857584); kvend = 23586104(94344416); length = 2628293/6553600
2017-03-06 10:58:28,261 INFO org.apache.hadoop.mapreduce.Job:  map 43% reduce 0%
2017-03-06 10:58:29,052 INFO org.apache.hadoop.mapred.LocalJobRunner: file:/home/cloudera/workspace/training/purchases.txt:100663296+33554432 > sort
2017-03-06 10:58:29,263 INFO org.apache.hadoop.mapreduce.Job:  map 52% reduce 0%
2017-03-06 10:58:29,579 INFO org.apache.hadoop.mapred.MapTask: Finished spill 0
2017-03-06 10:58:29,957 INFO org.apache.hadoop.mapred.Task: Task:attempt_local968024457_0001_m_000003_0 is done. And is in the process of committing
2017-03-06 10:58:29,960 INFO org.apache.hadoop.mapred.LocalJobRunner: file:/home/cloudera/workspace/training/purchases.txt:100663296+33554432
2017-03-06 10:58:29,960 INFO org.apache.hadoop.mapred.Task: Task 'attempt_local968024457_0001_m_000003_0' done.
2017-03-06 10:58:29,960 INFO org.apache.hadoop.mapred.LocalJobRunner: Finishing task: attempt_local968024457_0001_m_000003_0
2017-03-06 10:58:29,960 INFO org.apache.hadoop.mapred.LocalJobRunner: Starting task: attempt_local968024457_0001_m_000004_0
2017-03-06 10:58:29,963 INFO org.apache.hadoop.mapreduce.lib.output.FileOutputCommitter: File Output Committer Algorithm version is 1
2017-03-06 10:58:29,964 INFO org.apache.hadoop.mapred.Task:  Using ResourceCalculatorProcessTree : [ ]
2017-03-06 10:58:30,103 INFO org.apache.hadoop.mapred.MapTask: Processing split: file:/home/cloudera/workspace/training/purchases.txt:134217728+33554432
2017-03-06 10:58:30,122 INFO org.apache.hadoop.mapred.MapTask: numReduceTasks: 1
2017-03-06 10:58:30,144 INFO org.apache.hadoop.mapred.MapTask: (EQUATOR) 0 kvi 26214396(104857584)
2017-03-06 10:58:30,144 INFO org.apache.hadoop.mapred.MapTask: mapreduce.task.io.sort.mb: 100
2017-03-06 10:58:30,144 INFO org.apache.hadoop.mapred.MapTask: soft limit at 83886080
2017-03-06 10:58:30,144 INFO org.apache.hadoop.mapred.MapTask: bufstart = 0; bufvoid = 104857600
2017-03-06 10:58:30,144 INFO org.apache.hadoop.mapred.MapTask: kvstart = 26214396; length = 6553600
2017-03-06 10:58:30,147 INFO org.apache.hadoop.mapred.MapTask: Map output collector class = org.apache.hadoop.mapred.MapTask$MapOutputBuffer
2017-03-06 10:58:30,264 INFO org.apache.hadoop.mapreduce.Job:  map 100% reduce 0%
2017-03-06 10:58:36,432 INFO org.apache.hadoop.mapred.LocalJobRunner: file:/home/cloudera/workspace/training/purchases.txt:134217728+33554432 > map
2017-03-06 10:58:37,431 INFO org.apache.hadoop.mapreduce.Job:  map 62% reduce 0%
2017-03-06 10:58:39,017 INFO org.apache.hadoop.mapred.LocalJobRunner: file:/home/cloudera/workspace/training/purchases.txt:134217728+33554432 > map
2017-03-06 10:58:39,018 INFO org.apache.hadoop.mapred.MapTask: Starting flush of map output
2017-03-06 10:58:39,018 INFO org.apache.hadoop.mapred.MapTask: Spilling map output
2017-03-06 10:58:39,018 INFO org.apache.hadoop.mapred.MapTask: bufstart = 0; bufend = 11579594; bufvoid = 104857600
2017-03-06 10:58:39,019 INFO org.apache.hadoop.mapred.MapTask: kvstart = 26214396(104857584); kvend = 23585972(94343888); length = 2628425/6553600
2017-03-06 10:58:39,434 INFO org.apache.hadoop.mapred.LocalJobRunner: file:/home/cloudera/workspace/training/purchases.txt:134217728+33554432 > sort
2017-03-06 10:58:40,434 INFO org.apache.hadoop.mapreduce.Job:  map 67% reduce 0%
2017-03-06 10:58:40,748 INFO org.apache.hadoop.mapred.MapTask: Finished spill 0
2017-03-06 10:58:40,836 INFO org.apache.hadoop.mapred.Task: Task:attempt_local968024457_0001_m_000004_0 is done. And is in the process of committing
2017-03-06 10:58:40,842 INFO org.apache.hadoop.mapred.LocalJobRunner: file:/home/cloudera/workspace/training/purchases.txt:134217728+33554432
2017-03-06 10:58:40,843 INFO org.apache.hadoop.mapred.Task: Task 'attempt_local968024457_0001_m_000004_0' done.
2017-03-06 10:58:40,843 INFO org.apache.hadoop.mapred.LocalJobRunner: Finishing task: attempt_local968024457_0001_m_000004_0
2017-03-06 10:58:40,844 INFO org.apache.hadoop.mapred.LocalJobRunner: Starting task: attempt_local968024457_0001_m_000005_0
2017-03-06 10:58:40,858 INFO org.apache.hadoop.mapreduce.lib.output.FileOutputCommitter: File Output Committer Algorithm version is 1
2017-03-06 10:58:40,860 INFO org.apache.hadoop.mapred.Task:  Using ResourceCalculatorProcessTree : [ ]
2017-03-06 10:58:41,436 INFO org.apache.hadoop.mapreduce.Job:  map 100% reduce 0%
2017-03-06 10:58:41,657 INFO org.apache.hadoop.mapred.MapTask: Processing split: file:/home/cloudera/workspace/training/purchases.txt:167772160+33554432
2017-03-06 10:58:41,660 INFO org.apache.hadoop.mapred.MapTask: numReduceTasks: 1
2017-03-06 10:58:41,684 INFO org.apache.hadoop.mapred.MapTask: (EQUATOR) 0 kvi 26214396(104857584)
2017-03-06 10:58:41,685 INFO org.apache.hadoop.mapred.MapTask: mapreduce.task.io.sort.mb: 100
2017-03-06 10:58:41,685 INFO org.apache.hadoop.mapred.MapTask: soft limit at 83886080
2017-03-06 10:58:41,685 INFO org.apache.hadoop.mapred.MapTask: bufstart = 0; bufvoid = 104857600
2017-03-06 10:58:41,685 INFO org.apache.hadoop.mapred.MapTask: kvstart = 26214396; length = 6553600
2017-03-06 10:58:41,687 INFO org.apache.hadoop.mapred.MapTask: Map output collector class = org.apache.hadoop.mapred.MapTask$MapOutputBuffer
2017-03-06 10:58:47,071 INFO org.apache.hadoop.mapred.LocalJobRunner: 
2017-03-06 10:58:47,072 INFO org.apache.hadoop.mapred.MapTask: Starting flush of map output
2017-03-06 10:58:47,072 INFO org.apache.hadoop.mapred.MapTask: Spilling map output
2017-03-06 10:58:47,072 INFO org.apache.hadoop.mapred.MapTask: bufstart = 0; bufend = 11579935; bufvoid = 104857600
2017-03-06 10:58:47,072 INFO org.apache.hadoop.mapred.MapTask: kvstart = 26214396(104857584); kvend = 23585028(94340112); length = 2629369/6553600
2017-03-06 10:58:47,138 INFO org.apache.hadoop.mapreduce.Job:  map 71% reduce 0%
2017-03-06 10:58:47,246 INFO org.apache.hadoop.mapred.LocalJobRunner: file:/home/cloudera/workspace/training/purchases.txt:167772160+33554432 > sort
2017-03-06 10:58:48,143 INFO org.apache.hadoop.mapreduce.Job:  map 81% reduce 0%
2017-03-06 10:58:48,533 INFO org.apache.hadoop.mapred.MapTask: Finished spill 0
2017-03-06 10:58:48,537 INFO org.apache.hadoop.mapred.Task: Task:attempt_local968024457_0001_m_000005_0 is done. And is in the process of committing
2017-03-06 10:58:48,540 INFO org.apache.hadoop.mapred.LocalJobRunner: file:/home/cloudera/workspace/training/purchases.txt:167772160+33554432
2017-03-06 10:58:48,540 INFO org.apache.hadoop.mapred.Task: Task 'attempt_local968024457_0001_m_000005_0' done.
2017-03-06 10:58:48,540 INFO org.apache.hadoop.mapred.LocalJobRunner: Finishing task: attempt_local968024457_0001_m_000005_0
2017-03-06 10:58:48,540 INFO org.apache.hadoop.mapred.LocalJobRunner: Starting task: attempt_local968024457_0001_m_000006_0
2017-03-06 10:58:48,544 INFO org.apache.hadoop.mapreduce.lib.output.FileOutputCommitter: File Output Committer Algorithm version is 1
2017-03-06 10:58:48,545 INFO org.apache.hadoop.mapred.Task:  Using ResourceCalculatorProcessTree : [ ]
2017-03-06 10:58:48,549 INFO org.apache.hadoop.mapred.MapTask: Processing split: file:/home/cloudera/workspace/training/purchases.txt:201326592+9986332
2017-03-06 10:58:48,572 INFO org.apache.hadoop.mapred.MapTask: numReduceTasks: 1
2017-03-06 10:58:48,598 INFO org.apache.hadoop.mapred.MapTask: (EQUATOR) 0 kvi 26214396(104857584)
2017-03-06 10:58:48,598 INFO org.apache.hadoop.mapred.MapTask: mapreduce.task.io.sort.mb: 100
2017-03-06 10:58:48,598 INFO org.apache.hadoop.mapred.MapTask: soft limit at 83886080
2017-03-06 10:58:48,599 INFO org.apache.hadoop.mapred.MapTask: bufstart = 0; bufvoid = 104857600
2017-03-06 10:58:48,599 INFO org.apache.hadoop.mapred.MapTask: kvstart = 26214396; length = 6553600
2017-03-06 10:58:48,601 INFO org.apache.hadoop.mapred.MapTask: Map output collector class = org.apache.hadoop.mapred.MapTask$MapOutputBuffer
2017-03-06 10:58:49,144 INFO org.apache.hadoop.mapreduce.Job:  map 100% reduce 0%
2017-03-06 10:58:50,427 INFO org.apache.hadoop.mapred.LocalJobRunner: 
2017-03-06 10:58:50,427 INFO org.apache.hadoop.mapred.MapTask: Starting flush of map output
2017-03-06 10:58:50,427 INFO org.apache.hadoop.mapred.MapTask: Spilling map output
2017-03-06 10:58:50,428 INFO org.apache.hadoop.mapred.MapTask: bufstart = 0; bufend = 3447443; bufvoid = 104857600
2017-03-06 10:58:50,428 INFO org.apache.hadoop.mapred.MapTask: kvstart = 26214396(104857584); kvend = 25432028(101728112); length = 782369/6553600
2017-03-06 10:58:51,097 INFO org.apache.hadoop.mapred.MapTask: Finished spill 0
2017-03-06 10:58:51,147 INFO org.apache.hadoop.mapreduce.Job:  map 86% reduce 0%
2017-03-06 10:58:52,123 INFO org.apache.hadoop.mapred.Task: Task:attempt_local968024457_0001_m_000006_0 is done. And is in the process of committing
2017-03-06 10:58:52,126 INFO org.apache.hadoop.mapred.LocalJobRunner: file:/home/cloudera/workspace/training/purchases.txt:201326592+9986332
2017-03-06 10:58:52,126 INFO org.apache.hadoop.mapred.Task: Task 'attempt_local968024457_0001_m_000006_0' done.
2017-03-06 10:58:52,126 INFO org.apache.hadoop.mapred.LocalJobRunner: Finishing task: attempt_local968024457_0001_m_000006_0
2017-03-06 10:58:52,127 INFO org.apache.hadoop.mapred.LocalJobRunner: map task executor complete.
2017-03-06 10:58:52,147 INFO org.apache.hadoop.mapreduce.Job:  map 100% reduce 0%
2017-03-06 10:58:52,305 INFO org.apache.hadoop.mapred.LocalJobRunner: Waiting for reduce tasks
2017-03-06 10:58:52,306 INFO org.apache.hadoop.mapred.LocalJobRunner: Starting task: attempt_local968024457_0001_r_000000_0
2017-03-06 10:58:52,342 INFO org.apache.hadoop.mapreduce.lib.output.FileOutputCommitter: File Output Committer Algorithm version is 1
2017-03-06 10:58:52,343 INFO org.apache.hadoop.mapred.Task:  Using ResourceCalculatorProcessTree : [ ]
2017-03-06 10:58:52,367 INFO org.apache.hadoop.mapred.ReduceTask: Using ShuffleConsumerPlugin: org.apache.hadoop.mapreduce.task.reduce.Shuffle@1ae8346
2017-03-06 10:58:52,570 INFO org.apache.hadoop.mapreduce.task.reduce.MergeManagerImpl: MergerManager: memoryLimit=625003712, maxSingleShuffleLimit=156250928, mergeThreshold=412502464, ioSortFactor=10, memToMemMergeOutputsThreshold=10
2017-03-06 10:58:52,591 INFO org.apache.hadoop.mapreduce.task.reduce.EventFetcher: attempt_local968024457_0001_r_000000_0 Thread started: EventFetcher for fetching Map Completion Events
2017-03-06 10:58:52,817 INFO org.apache.hadoop.mapreduce.task.reduce.LocalFetcher: localfetcher#1 about to shuffle output of map attempt_local968024457_0001_m_000002_0 decomp: 12893933 len: 12893937 to MEMORY
2017-03-06 10:58:53,684 INFO org.apache.hadoop.mapreduce.task.reduce.InMemoryMapOutput: Read 12893933 bytes from map-output for attempt_local968024457_0001_m_000002_0
2017-03-06 10:58:53,705 INFO org.apache.hadoop.mapreduce.task.reduce.MergeManagerImpl: closeInMemoryFile -> map-output of size: 12893933, inMemoryMapOutputs.size() -> 1, commitMemory -> 0, usedMemory ->12893933
2017-03-06 10:58:53,730 INFO org.apache.hadoop.mapreduce.task.reduce.LocalFetcher: localfetcher#1 about to shuffle output of map attempt_local968024457_0001_m_000005_0 decomp: 12894623 len: 12894627 to MEMORY
2017-03-06 10:58:53,805 INFO org.apache.hadoop.mapreduce.task.reduce.InMemoryMapOutput: Read 12894623 bytes from map-output for attempt_local968024457_0001_m_000005_0
2017-03-06 10:58:53,805 INFO org.apache.hadoop.mapreduce.task.reduce.MergeManagerImpl: closeInMemoryFile -> map-output of size: 12894623, inMemoryMapOutputs.size() -> 2, commitMemory -> 12893933, usedMemory ->25788556
2017-03-06 10:58:53,811 INFO org.apache.hadoop.mapreduce.task.reduce.LocalFetcher: localfetcher#1 about to shuffle output of map attempt_local968024457_0001_m_000004_0 decomp: 12893810 len: 12893814 to MEMORY
2017-03-06 10:58:55,075 INFO org.apache.hadoop.mapreduce.task.reduce.InMemoryMapOutput: Read 12893810 bytes from map-output for attempt_local968024457_0001_m_000004_0
2017-03-06 10:58:55,075 INFO org.apache.hadoop.mapreduce.task.reduce.MergeManagerImpl: closeInMemoryFile -> map-output of size: 12893810, inMemoryMapOutputs.size() -> 3, commitMemory -> 25788556, usedMemory ->38682366
2017-03-06 10:58:55,123 INFO org.apache.hadoop.mapreduce.task.reduce.LocalFetcher: localfetcher#1 about to shuffle output of map attempt_local968024457_0001_m_000001_0 decomp: 12894432 len: 12894436 to MEMORY
2017-03-06 10:58:55,410 INFO org.apache.hadoop.mapreduce.task.reduce.InMemoryMapOutput: Read 12894432 bytes from map-output for attempt_local968024457_0001_m_000001_0
2017-03-06 10:58:55,411 INFO org.apache.hadoop.mapreduce.task.reduce.MergeManagerImpl: closeInMemoryFile -> map-output of size: 12894432, inMemoryMapOutputs.size() -> 4, commitMemory -> 38682366, usedMemory ->51576798
2017-03-06 10:58:55,435 INFO org.apache.hadoop.mapreduce.task.reduce.LocalFetcher: localfetcher#1 about to shuffle output of map attempt_local968024457_0001_m_000000_0 decomp: 12894098 len: 12894102 to MEMORY
2017-03-06 10:58:55,775 INFO org.apache.hadoop.mapreduce.task.reduce.InMemoryMapOutput: Read 12894098 bytes from map-output for attempt_local968024457_0001_m_000000_0
2017-03-06 10:58:55,776 INFO org.apache.hadoop.mapreduce.task.reduce.MergeManagerImpl: closeInMemoryFile -> map-output of size: 12894098, inMemoryMapOutputs.size() -> 5, commitMemory -> 51576798, usedMemory ->64470896
2017-03-06 10:58:55,833 INFO org.apache.hadoop.mapreduce.task.reduce.LocalFetcher: localfetcher#1 about to shuffle output of map attempt_local968024457_0001_m_000003_0 decomp: 12893993 len: 12893997 to MEMORY
2017-03-06 10:58:55,922 INFO org.apache.hadoop.mapreduce.task.reduce.InMemoryMapOutput: Read 12893993 bytes from map-output for attempt_local968024457_0001_m_000003_0
2017-03-06 10:58:55,922 INFO org.apache.hadoop.mapreduce.task.reduce.MergeManagerImpl: closeInMemoryFile -> map-output of size: 12893993, inMemoryMapOutputs.size() -> 6, commitMemory -> 64470896, usedMemory ->77364889
2017-03-06 10:58:55,927 INFO org.apache.hadoop.mapreduce.task.reduce.LocalFetcher: localfetcher#1 about to shuffle output of map attempt_local968024457_0001_m_000006_0 decomp: 3838631 len: 3838635 to MEMORY
2017-03-06 10:58:55,942 INFO org.apache.hadoop.mapreduce.task.reduce.InMemoryMapOutput: Read 3838631 bytes from map-output for attempt_local968024457_0001_m_000006_0
2017-03-06 10:58:55,942 INFO org.apache.hadoop.mapreduce.task.reduce.MergeManagerImpl: closeInMemoryFile -> map-output of size: 3838631, inMemoryMapOutputs.size() -> 7, commitMemory -> 77364889, usedMemory ->81203520
2017-03-06 10:58:55,945 INFO org.apache.hadoop.mapreduce.task.reduce.EventFetcher: EventFetcher is interrupted.. Returning
2017-03-06 10:58:55,948 INFO org.apache.hadoop.mapred.LocalJobRunner: 7 / 7 copied.
2017-03-06 10:58:55,949 INFO org.apache.hadoop.mapreduce.task.reduce.MergeManagerImpl: finalMerge called with 7 in-memory map-outputs and 0 on-disk map-outputs
2017-03-06 10:58:55,995 INFO org.apache.hadoop.mapred.Merger: Merging 7 sorted segments
2017-03-06 10:58:55,996 INFO org.apache.hadoop.mapred.Merger: Down to the last merge-pass, with 7 segments left of total size: 81203422 bytes
2017-03-06 10:58:58,351 INFO org.apache.hadoop.mapred.LocalJobRunner: reduce > sort
2017-03-06 10:58:59,154 INFO org.apache.hadoop.mapreduce.Job:  map 100% reduce 37%
2017-03-06 10:59:01,353 INFO org.apache.hadoop.mapred.LocalJobRunner: reduce > sort
2017-03-06 10:59:02,157 INFO org.apache.hadoop.mapreduce.Job:  map 100% reduce 59%
2017-03-06 10:59:02,514 INFO org.apache.hadoop.mapreduce.task.reduce.MergeManagerImpl: Merged 7 segments, 81203520 bytes to disk to satisfy reduce memory limit
2017-03-06 10:59:02,514 INFO org.apache.hadoop.mapreduce.task.reduce.MergeManagerImpl: Merging 1 files, 81203512 bytes from disk
2017-03-06 10:59:02,526 INFO org.apache.hadoop.mapreduce.task.reduce.MergeManagerImpl: Merging 0 segments, 0 bytes from memory into reduce
2017-03-06 10:59:02,527 INFO org.apache.hadoop.mapred.Merger: Merging 1 sorted segments
2017-03-06 10:59:02,528 INFO org.apache.hadoop.mapred.Merger: Down to the last merge-pass, with 1 segments left of total size: 81203494 bytes
2017-03-06 10:59:02,529 INFO org.apache.hadoop.mapred.LocalJobRunner: reduce > sort
2017-03-06 10:59:04,438 INFO org.apache.hadoop.mapred.LocalJobRunner: reduce > reduce
2017-03-06 10:59:05,161 INFO org.apache.hadoop.mapreduce.Job:  map 100% reduce 72%
2017-03-06 10:59:07,441 INFO org.apache.hadoop.mapred.LocalJobRunner: reduce > reduce
2017-03-06 10:59:08,163 INFO org.apache.hadoop.mapreduce.Job:  map 100% reduce 96%
2017-03-06 10:59:08,193 INFO org.apache.hadoop.mapred.Task: Task:attempt_local968024457_0001_r_000000_0 is done. And is in the process of committing
2017-03-06 10:59:08,195 INFO org.apache.hadoop.mapred.LocalJobRunner: reduce > reduce
2017-03-06 10:59:08,195 INFO org.apache.hadoop.mapred.Task: Task attempt_local968024457_0001_r_000000_0 is allowed to commit now
2017-03-06 10:59:08,197 INFO org.apache.hadoop.mapreduce.lib.output.FileOutputCommitter: Saved output of task 'attempt_local968024457_0001_r_000000_0' to file:/home/cloudera/workspace/training/output/_temporary/0/task_local968024457_0001_r_000000
2017-03-06 10:59:08,198 INFO org.apache.hadoop.mapred.LocalJobRunner: reduce > reduce
2017-03-06 10:59:08,199 INFO org.apache.hadoop.mapred.Task: Task 'attempt_local968024457_0001_r_000000_0' done.
2017-03-06 10:59:08,199 INFO org.apache.hadoop.mapred.LocalJobRunner: Finishing task: attempt_local968024457_0001_r_000000_0
2017-03-06 10:59:08,199 INFO org.apache.hadoop.mapred.LocalJobRunner: reduce task executor complete.
2017-03-06 10:59:09,165 INFO org.apache.hadoop.mapreduce.Job:  map 100% reduce 100%
2017-03-06 10:59:09,166 INFO org.apache.hadoop.mapreduce.Job: Job job_local968024457_0001 completed successfully
2017-03-06 10:59:09,232 INFO org.apache.hadoop.mapreduce.Job: Counters: 30
	File System Counters
		FILE: Number of bytes read=1289836289
		FILE: Number of bytes written=516596418
		FILE: Number of read operations=0
		FILE: Number of large read operations=0
		FILE: Number of write operations=0
	Map-Reduce Framework
		Map input records=4138476
		Map output records=4138476
		Map output bytes=72926554
		Map output materialized bytes=81203548
		Input split bytes=728
		Combine input records=0
		Combine output records=0
		Reduce input groups=103
		Reduce shuffle bytes=81203548
		Reduce input records=4138476
		Reduce output records=103
		Spilled Records=8276952
		Shuffled Maps =7
		Failed Shuffles=0
		Merged Map outputs=7
		GC time elapsed (ms)=11809
		Total committed heap usage (bytes)=5213519872
	Shuffle Errors
		BAD_ID=0
		CONNECTION=0
		IO_ERROR=0
		WRONG_LENGTH=0
		WRONG_MAP=0
		WRONG_REDUCE=0
	File Input Format Counters 
		Bytes Read=211337500
	File Output Format Counters 
		Bytes Written=3088
2017-03-06 16:06:24,747 WARN org.apache.hadoop.util.NativeCodeLoader: Unable to load native-hadoop library for your platform... using builtin-java classes where applicable
2017-03-06 16:06:25,531 INFO org.apache.hadoop.conf.Configuration.deprecation: session.id is deprecated. Instead, use dfs.metrics.session-id
2017-03-06 16:06:25,534 INFO org.apache.hadoop.metrics.jvm.JvmMetrics: Initializing JVM Metrics with processName=JobTracker, sessionId=
2017-03-06 16:06:25,613 INFO org.apache.hadoop.metrics.jvm.JvmMetrics: Cannot initialize JVM Metrics with processName=JobTracker, sessionId= - already initialized
2017-03-06 16:06:26,216 WARN org.apache.hadoop.mapreduce.JobResourceUploader: Hadoop command-line option parsing not performed. Implement the Tool interface and execute your application with ToolRunner to remedy this.
2017-03-06 16:06:26,222 WARN org.apache.hadoop.mapreduce.JobResourceUploader: No job jar file set.  User classes may not be found. See Job or Job#setJar(String).
2017-03-06 16:06:26,255 INFO org.apache.hadoop.mapreduce.JobSubmitter: Cleaning up the staging area file:/tmp/hadoop-cloudera/mapred/staging/cloudera62569482/.staging/job_local62569482_0001
2017-03-06 16:06:26,256 WARN org.apache.hadoop.security.UserGroupInformation: PriviledgedActionException as:cloudera (auth:SIMPLE) cause:org.apache.hadoop.mapred.InvalidInputException: Input path does not exist: file:/home/cloudera/Desktop/Activite4/puchases.txt
2017-03-06 16:06:26,257 WARN org.apache.hadoop.security.UserGroupInformation: PriviledgedActionException as:cloudera (auth:SIMPLE) cause:org.apache.hadoop.mapred.InvalidInputException: Input path does not exist: file:/home/cloudera/Desktop/Activite4/puchases.txt
2017-03-06 16:06:51,952 WARN org.apache.hadoop.util.NativeCodeLoader: Unable to load native-hadoop library for your platform... using builtin-java classes where applicable
2017-03-06 16:06:52,686 INFO org.apache.hadoop.conf.Configuration.deprecation: session.id is deprecated. Instead, use dfs.metrics.session-id
2017-03-06 16:06:52,689 INFO org.apache.hadoop.metrics.jvm.JvmMetrics: Initializing JVM Metrics with processName=JobTracker, sessionId=
2017-03-06 16:06:52,772 INFO org.apache.hadoop.metrics.jvm.JvmMetrics: Cannot initialize JVM Metrics with processName=JobTracker, sessionId= - already initialized
2017-03-06 16:06:53,278 WARN org.apache.hadoop.mapreduce.JobResourceUploader: Hadoop command-line option parsing not performed. Implement the Tool interface and execute your application with ToolRunner to remedy this.
2017-03-06 16:06:53,288 WARN org.apache.hadoop.mapreduce.JobResourceUploader: No job jar file set.  User classes may not be found. See Job or Job#setJar(String).
2017-03-06 16:06:53,327 INFO org.apache.hadoop.mapred.FileInputFormat: Total input paths to process : 1
2017-03-06 16:06:53,410 INFO org.apache.hadoop.mapreduce.JobSubmitter: number of splits:7
2017-03-06 16:06:53,949 INFO org.apache.hadoop.mapreduce.JobSubmitter: Submitting tokens for job: job_local804258813_0001
2017-03-06 16:06:54,324 INFO org.apache.hadoop.mapreduce.Job: The url to track the job: http://localhost:8080/
2017-03-06 16:06:54,329 INFO org.apache.hadoop.mapreduce.Job: Running job: job_local804258813_0001
2017-03-06 16:06:54,333 INFO org.apache.hadoop.mapred.LocalJobRunner: OutputCommitter set in config null
2017-03-06 16:06:54,341 INFO org.apache.hadoop.mapred.LocalJobRunner: OutputCommitter is org.apache.hadoop.mapred.FileOutputCommitter
2017-03-06 16:06:54,383 INFO org.apache.hadoop.mapreduce.lib.output.FileOutputCommitter: File Output Committer Algorithm version is 1
2017-03-06 16:06:54,468 INFO org.apache.hadoop.mapred.LocalJobRunner: Waiting for map tasks
2017-03-06 16:06:54,480 INFO org.apache.hadoop.mapred.LocalJobRunner: Starting task: attempt_local804258813_0001_m_000000_0
2017-03-06 16:06:54,546 INFO org.apache.hadoop.mapreduce.lib.output.FileOutputCommitter: File Output Committer Algorithm version is 1
2017-03-06 16:06:54,583 INFO org.apache.hadoop.mapred.Task:  Using ResourceCalculatorProcessTree : [ ]
2017-03-06 16:06:54,601 INFO org.apache.hadoop.mapred.MapTask: Processing split: file:/home/cloudera/Desktop/Activite4/purchases.txt:0+33554432
2017-03-06 16:06:54,620 INFO org.apache.hadoop.mapred.MapTask: numReduceTasks: 1
2017-03-06 16:06:54,705 INFO org.apache.hadoop.mapred.MapTask: (EQUATOR) 0 kvi 26214396(104857584)
2017-03-06 16:06:54,706 INFO org.apache.hadoop.mapred.MapTask: mapreduce.task.io.sort.mb: 100
2017-03-06 16:06:54,706 INFO org.apache.hadoop.mapred.MapTask: soft limit at 83886080
2017-03-06 16:06:54,706 INFO org.apache.hadoop.mapred.MapTask: bufstart = 0; bufvoid = 104857600
2017-03-06 16:06:54,707 INFO org.apache.hadoop.mapred.MapTask: kvstart = 26214396; length = 6553600
2017-03-06 16:06:54,715 INFO org.apache.hadoop.mapred.MapTask: Map output collector class = org.apache.hadoop.mapred.MapTask$MapOutputBuffer
2017-03-06 16:06:55,337 INFO org.apache.hadoop.mapreduce.Job: Job job_local804258813_0001 running in uber mode : false
2017-03-06 16:06:55,342 INFO org.apache.hadoop.mapreduce.Job:  map 0% reduce 0%
2017-03-06 16:06:57,444 INFO org.apache.hadoop.mapred.LocalJobRunner: 
2017-03-06 16:06:57,445 INFO org.apache.hadoop.mapred.MapTask: Starting flush of map output
2017-03-06 16:06:57,445 INFO org.apache.hadoop.mapred.MapTask: Spilling map output
2017-03-06 16:06:57,445 INFO org.apache.hadoop.mapred.MapTask: bufstart = 0; bufend = 11580074; bufvoid = 104857600
2017-03-06 16:06:57,445 INFO org.apache.hadoop.mapred.MapTask: kvstart = 26214396(104857584); kvend = 23586356(94345424); length = 2628041/6553600
2017-03-06 16:06:59,069 INFO org.apache.hadoop.mapred.MapTask: Finished spill 0
2017-03-06 16:06:59,076 INFO org.apache.hadoop.mapred.Task: Task:attempt_local804258813_0001_m_000000_0 is done. And is in the process of committing
2017-03-06 16:06:59,091 INFO org.apache.hadoop.mapred.LocalJobRunner: file:/home/cloudera/Desktop/Activite4/purchases.txt:0+33554432
2017-03-06 16:06:59,091 INFO org.apache.hadoop.mapred.Task: Task 'attempt_local804258813_0001_m_000000_0' done.
2017-03-06 16:06:59,091 INFO org.apache.hadoop.mapred.LocalJobRunner: Finishing task: attempt_local804258813_0001_m_000000_0
2017-03-06 16:06:59,092 INFO org.apache.hadoop.mapred.LocalJobRunner: Starting task: attempt_local804258813_0001_m_000001_0
2017-03-06 16:06:59,095 INFO org.apache.hadoop.mapreduce.lib.output.FileOutputCommitter: File Output Committer Algorithm version is 1
2017-03-06 16:06:59,095 INFO org.apache.hadoop.mapred.Task:  Using ResourceCalculatorProcessTree : [ ]
2017-03-06 16:06:59,097 INFO org.apache.hadoop.mapred.MapTask: Processing split: file:/home/cloudera/Desktop/Activite4/purchases.txt:33554432+33554432
2017-03-06 16:06:59,115 INFO org.apache.hadoop.mapred.MapTask: numReduceTasks: 1
2017-03-06 16:06:59,141 INFO org.apache.hadoop.mapred.MapTask: (EQUATOR) 0 kvi 26214396(104857584)
2017-03-06 16:06:59,142 INFO org.apache.hadoop.mapred.MapTask: mapreduce.task.io.sort.mb: 100
2017-03-06 16:06:59,143 INFO org.apache.hadoop.mapred.MapTask: soft limit at 83886080
2017-03-06 16:06:59,144 INFO org.apache.hadoop.mapred.MapTask: bufstart = 0; bufvoid = 104857600
2017-03-06 16:06:59,144 INFO org.apache.hadoop.mapred.MapTask: kvstart = 26214396; length = 6553600
2017-03-06 16:06:59,149 INFO org.apache.hadoop.mapred.MapTask: Map output collector class = org.apache.hadoop.mapred.MapTask$MapOutputBuffer
2017-03-06 16:06:59,350 INFO org.apache.hadoop.mapreduce.Job:  map 100% reduce 0%
2017-03-06 16:07:01,993 INFO org.apache.hadoop.mapred.LocalJobRunner: 
2017-03-06 16:07:01,994 INFO org.apache.hadoop.mapred.MapTask: Starting flush of map output
2017-03-06 16:07:01,994 INFO org.apache.hadoop.mapred.MapTask: Spilling map output
2017-03-06 16:07:01,994 INFO org.apache.hadoop.mapred.MapTask: bufstart = 0; bufend = 11579860; bufvoid = 104857600
2017-03-06 16:07:01,994 INFO org.apache.hadoop.mapred.MapTask: kvstart = 26214396(104857584); kvend = 23585260(94341040); length = 2629137/6553600
2017-03-06 16:07:02,448 INFO org.apache.hadoop.mapreduce.Job:  map 14% reduce 0%
2017-03-06 16:07:03,129 INFO org.apache.hadoop.mapred.MapTask: Finished spill 0
2017-03-06 16:07:03,133 INFO org.apache.hadoop.mapred.Task: Task:attempt_local804258813_0001_m_000001_0 is done. And is in the process of committing
2017-03-06 16:07:03,136 INFO org.apache.hadoop.mapred.LocalJobRunner: file:/home/cloudera/Desktop/Activite4/purchases.txt:33554432+33554432
2017-03-06 16:07:03,136 INFO org.apache.hadoop.mapred.Task: Task 'attempt_local804258813_0001_m_000001_0' done.
2017-03-06 16:07:03,136 INFO org.apache.hadoop.mapred.LocalJobRunner: Finishing task: attempt_local804258813_0001_m_000001_0
2017-03-06 16:07:03,136 INFO org.apache.hadoop.mapred.LocalJobRunner: Starting task: attempt_local804258813_0001_m_000002_0
2017-03-06 16:07:03,139 INFO org.apache.hadoop.mapreduce.lib.output.FileOutputCommitter: File Output Committer Algorithm version is 1
2017-03-06 16:07:03,140 INFO org.apache.hadoop.mapred.Task:  Using ResourceCalculatorProcessTree : [ ]
2017-03-06 16:07:03,142 INFO org.apache.hadoop.mapred.MapTask: Processing split: file:/home/cloudera/Desktop/Activite4/purchases.txt:67108864+33554432
2017-03-06 16:07:03,144 INFO org.apache.hadoop.mapred.MapTask: numReduceTasks: 1
2017-03-06 16:07:03,162 INFO org.apache.hadoop.mapred.MapTask: (EQUATOR) 0 kvi 26214396(104857584)
2017-03-06 16:07:03,162 INFO org.apache.hadoop.mapred.MapTask: mapreduce.task.io.sort.mb: 100
2017-03-06 16:07:03,163 INFO org.apache.hadoop.mapred.MapTask: soft limit at 83886080
2017-03-06 16:07:03,163 INFO org.apache.hadoop.mapred.MapTask: bufstart = 0; bufvoid = 104857600
2017-03-06 16:07:03,163 INFO org.apache.hadoop.mapred.MapTask: kvstart = 26214396; length = 6553600
2017-03-06 16:07:03,165 INFO org.apache.hadoop.mapred.MapTask: Map output collector class = org.apache.hadoop.mapred.MapTask$MapOutputBuffer
2017-03-06 16:07:03,597 INFO org.apache.hadoop.mapreduce.Job:  map 100% reduce 0%
2017-03-06 16:07:04,789 INFO org.apache.hadoop.mapred.LocalJobRunner: 
2017-03-06 16:07:04,789 INFO org.apache.hadoop.mapred.MapTask: Starting flush of map output
2017-03-06 16:07:04,789 INFO org.apache.hadoop.mapred.MapTask: Spilling map output
2017-03-06 16:07:04,790 INFO org.apache.hadoop.mapred.MapTask: bufstart = 0; bufend = 11579805; bufvoid = 104857600
2017-03-06 16:07:04,790 INFO org.apache.hadoop.mapred.MapTask: kvstart = 26214396(104857584); kvend = 23586148(94344592); length = 2628249/6553600
2017-03-06 16:07:05,698 INFO org.apache.hadoop.mapreduce.Job:  map 29% reduce 0%
2017-03-06 16:07:05,888 INFO org.apache.hadoop.mapred.MapTask: Finished spill 0
2017-03-06 16:07:05,890 INFO org.apache.hadoop.mapred.Task: Task:attempt_local804258813_0001_m_000002_0 is done. And is in the process of committing
2017-03-06 16:07:05,893 INFO org.apache.hadoop.mapred.LocalJobRunner: file:/home/cloudera/Desktop/Activite4/purchases.txt:67108864+33554432
2017-03-06 16:07:05,894 INFO org.apache.hadoop.mapred.Task: Task 'attempt_local804258813_0001_m_000002_0' done.
2017-03-06 16:07:05,894 INFO org.apache.hadoop.mapred.LocalJobRunner: Finishing task: attempt_local804258813_0001_m_000002_0
2017-03-06 16:07:05,894 INFO org.apache.hadoop.mapred.LocalJobRunner: Starting task: attempt_local804258813_0001_m_000003_0
2017-03-06 16:07:05,898 INFO org.apache.hadoop.mapreduce.lib.output.FileOutputCommitter: File Output Committer Algorithm version is 1
2017-03-06 16:07:05,898 INFO org.apache.hadoop.mapred.Task:  Using ResourceCalculatorProcessTree : [ ]
2017-03-06 16:07:06,141 INFO org.apache.hadoop.mapred.MapTask: Processing split: file:/home/cloudera/Desktop/Activite4/purchases.txt:100663296+33554432
2017-03-06 16:07:06,144 INFO org.apache.hadoop.mapred.MapTask: numReduceTasks: 1
2017-03-06 16:07:06,169 INFO org.apache.hadoop.mapred.MapTask: (EQUATOR) 0 kvi 26214396(104857584)
2017-03-06 16:07:06,169 INFO org.apache.hadoop.mapred.MapTask: mapreduce.task.io.sort.mb: 100
2017-03-06 16:07:06,169 INFO org.apache.hadoop.mapred.MapTask: soft limit at 83886080
2017-03-06 16:07:06,169 INFO org.apache.hadoop.mapred.MapTask: bufstart = 0; bufvoid = 104857600
2017-03-06 16:07:06,170 INFO org.apache.hadoop.mapred.MapTask: kvstart = 26214396; length = 6553600
2017-03-06 16:07:06,171 INFO org.apache.hadoop.mapred.MapTask: Map output collector class = org.apache.hadoop.mapred.MapTask$MapOutputBuffer
2017-03-06 16:07:07,489 INFO org.apache.hadoop.mapreduce.Job:  map 100% reduce 0%
2017-03-06 16:07:10,270 INFO org.apache.hadoop.mapred.LocalJobRunner: 
2017-03-06 16:07:10,271 INFO org.apache.hadoop.mapred.MapTask: Starting flush of map output
2017-03-06 16:07:10,271 INFO org.apache.hadoop.mapred.MapTask: Spilling map output
2017-03-06 16:07:10,271 INFO org.apache.hadoop.mapred.MapTask: bufstart = 0; bufend = 11579843; bufvoid = 104857600
2017-03-06 16:07:10,271 INFO org.apache.hadoop.mapred.MapTask: kvstart = 26214396(104857584); kvend = 23586104(94344416); length = 2628293/6553600
2017-03-06 16:07:10,492 INFO org.apache.hadoop.mapreduce.Job:  map 43% reduce 0%
2017-03-06 16:07:11,835 INFO org.apache.hadoop.mapred.MapTask: Finished spill 0
2017-03-06 16:07:11,839 INFO org.apache.hadoop.mapred.Task: Task:attempt_local804258813_0001_m_000003_0 is done. And is in the process of committing
2017-03-06 16:07:11,842 INFO org.apache.hadoop.mapred.LocalJobRunner: file:/home/cloudera/Desktop/Activite4/purchases.txt:100663296+33554432
2017-03-06 16:07:11,842 INFO org.apache.hadoop.mapred.Task: Task 'attempt_local804258813_0001_m_000003_0' done.
2017-03-06 16:07:11,842 INFO org.apache.hadoop.mapred.LocalJobRunner: Finishing task: attempt_local804258813_0001_m_000003_0
2017-03-06 16:07:11,842 INFO org.apache.hadoop.mapred.LocalJobRunner: Starting task: attempt_local804258813_0001_m_000004_0
2017-03-06 16:07:11,845 INFO org.apache.hadoop.mapreduce.lib.output.FileOutputCommitter: File Output Committer Algorithm version is 1
2017-03-06 16:07:11,846 INFO org.apache.hadoop.mapred.Task:  Using ResourceCalculatorProcessTree : [ ]
2017-03-06 16:07:11,848 INFO org.apache.hadoop.mapred.MapTask: Processing split: file:/home/cloudera/Desktop/Activite4/purchases.txt:134217728+33554432
2017-03-06 16:07:11,850 INFO org.apache.hadoop.mapred.MapTask: numReduceTasks: 1
2017-03-06 16:07:11,867 INFO org.apache.hadoop.mapred.MapTask: (EQUATOR) 0 kvi 26214396(104857584)
2017-03-06 16:07:11,868 INFO org.apache.hadoop.mapred.MapTask: mapreduce.task.io.sort.mb: 100
2017-03-06 16:07:11,868 INFO org.apache.hadoop.mapred.MapTask: soft limit at 83886080
2017-03-06 16:07:11,868 INFO org.apache.hadoop.mapred.MapTask: bufstart = 0; bufvoid = 104857600
2017-03-06 16:07:11,868 INFO org.apache.hadoop.mapred.MapTask: kvstart = 26214396; length = 6553600
2017-03-06 16:07:11,869 INFO org.apache.hadoop.mapred.MapTask: Map output collector class = org.apache.hadoop.mapred.MapTask$MapOutputBuffer
2017-03-06 16:07:12,600 INFO org.apache.hadoop.mapreduce.Job:  map 100% reduce 0%
2017-03-06 16:07:13,619 INFO org.apache.hadoop.mapred.LocalJobRunner: 
2017-03-06 16:07:13,619 INFO org.apache.hadoop.mapred.MapTask: Starting flush of map output
2017-03-06 16:07:13,619 INFO org.apache.hadoop.mapred.MapTask: Spilling map output
2017-03-06 16:07:13,619 INFO org.apache.hadoop.mapred.MapTask: bufstart = 0; bufend = 11579594; bufvoid = 104857600
2017-03-06 16:07:13,620 INFO org.apache.hadoop.mapred.MapTask: kvstart = 26214396(104857584); kvend = 23585972(94343888); length = 2628425/6553600
2017-03-06 16:07:14,603 INFO org.apache.hadoop.mapreduce.Job:  map 57% reduce 0%
2017-03-06 16:07:14,792 INFO org.apache.hadoop.mapred.MapTask: Finished spill 0
2017-03-06 16:07:14,794 INFO org.apache.hadoop.mapred.Task: Task:attempt_local804258813_0001_m_000004_0 is done. And is in the process of committing
2017-03-06 16:07:14,797 INFO org.apache.hadoop.mapred.LocalJobRunner: file:/home/cloudera/Desktop/Activite4/purchases.txt:134217728+33554432
2017-03-06 16:07:14,798 INFO org.apache.hadoop.mapred.Task: Task 'attempt_local804258813_0001_m_000004_0' done.
2017-03-06 16:07:14,798 INFO org.apache.hadoop.mapred.LocalJobRunner: Finishing task: attempt_local804258813_0001_m_000004_0
2017-03-06 16:07:14,798 INFO org.apache.hadoop.mapred.LocalJobRunner: Starting task: attempt_local804258813_0001_m_000005_0
2017-03-06 16:07:14,801 INFO org.apache.hadoop.mapreduce.lib.output.FileOutputCommitter: File Output Committer Algorithm version is 1
2017-03-06 16:07:14,802 INFO org.apache.hadoop.mapred.Task:  Using ResourceCalculatorProcessTree : [ ]
2017-03-06 16:07:14,832 INFO org.apache.hadoop.mapred.MapTask: Processing split: file:/home/cloudera/Desktop/Activite4/purchases.txt:167772160+33554432
2017-03-06 16:07:14,835 INFO org.apache.hadoop.mapred.MapTask: numReduceTasks: 1
2017-03-06 16:07:14,854 INFO org.apache.hadoop.mapred.MapTask: (EQUATOR) 0 kvi 26214396(104857584)
2017-03-06 16:07:14,856 INFO org.apache.hadoop.mapred.MapTask: mapreduce.task.io.sort.mb: 100
2017-03-06 16:07:14,856 INFO org.apache.hadoop.mapred.MapTask: soft limit at 83886080
2017-03-06 16:07:14,856 INFO org.apache.hadoop.mapred.MapTask: bufstart = 0; bufvoid = 104857600
2017-03-06 16:07:14,856 INFO org.apache.hadoop.mapred.MapTask: kvstart = 26214396; length = 6553600
2017-03-06 16:07:14,859 INFO org.apache.hadoop.mapred.MapTask: Map output collector class = org.apache.hadoop.mapred.MapTask$MapOutputBuffer
2017-03-06 16:07:15,605 INFO org.apache.hadoop.mapreduce.Job:  map 100% reduce 0%
2017-03-06 16:07:16,352 INFO org.apache.hadoop.mapred.LocalJobRunner: 
2017-03-06 16:07:16,352 INFO org.apache.hadoop.mapred.MapTask: Starting flush of map output
2017-03-06 16:07:16,353 INFO org.apache.hadoop.mapred.MapTask: Spilling map output
2017-03-06 16:07:16,353 INFO org.apache.hadoop.mapred.MapTask: bufstart = 0; bufend = 11579935; bufvoid = 104857600
2017-03-06 16:07:16,353 INFO org.apache.hadoop.mapred.MapTask: kvstart = 26214396(104857584); kvend = 23585028(94340112); length = 2629369/6553600
2017-03-06 16:07:16,606 INFO org.apache.hadoop.mapreduce.Job:  map 71% reduce 0%
2017-03-06 16:07:17,525 INFO org.apache.hadoop.mapred.MapTask: Finished spill 0
2017-03-06 16:07:17,529 INFO org.apache.hadoop.mapred.Task: Task:attempt_local804258813_0001_m_000005_0 is done. And is in the process of committing
2017-03-06 16:07:17,531 INFO org.apache.hadoop.mapred.LocalJobRunner: file:/home/cloudera/Desktop/Activite4/purchases.txt:167772160+33554432
2017-03-06 16:07:17,532 INFO org.apache.hadoop.mapred.Task: Task 'attempt_local804258813_0001_m_000005_0' done.
2017-03-06 16:07:17,532 INFO org.apache.hadoop.mapred.LocalJobRunner: Finishing task: attempt_local804258813_0001_m_000005_0
2017-03-06 16:07:17,532 INFO org.apache.hadoop.mapred.LocalJobRunner: Starting task: attempt_local804258813_0001_m_000006_0
2017-03-06 16:07:17,535 INFO org.apache.hadoop.mapreduce.lib.output.FileOutputCommitter: File Output Committer Algorithm version is 1
2017-03-06 16:07:17,536 INFO org.apache.hadoop.mapred.Task:  Using ResourceCalculatorProcessTree : [ ]
2017-03-06 16:07:17,538 INFO org.apache.hadoop.mapred.MapTask: Processing split: file:/home/cloudera/Desktop/Activite4/purchases.txt:201326592+9986332
2017-03-06 16:07:17,584 INFO org.apache.hadoop.mapred.MapTask: numReduceTasks: 1
2017-03-06 16:07:17,608 INFO org.apache.hadoop.mapreduce.Job:  map 100% reduce 0%
2017-03-06 16:07:17,619 INFO org.apache.hadoop.mapred.MapTask: (EQUATOR) 0 kvi 26214396(104857584)
2017-03-06 16:07:17,619 INFO org.apache.hadoop.mapred.MapTask: mapreduce.task.io.sort.mb: 100
2017-03-06 16:07:17,619 INFO org.apache.hadoop.mapred.MapTask: soft limit at 83886080
2017-03-06 16:07:17,619 INFO org.apache.hadoop.mapred.MapTask: bufstart = 0; bufvoid = 104857600
2017-03-06 16:07:17,620 INFO org.apache.hadoop.mapred.MapTask: kvstart = 26214396; length = 6553600
2017-03-06 16:07:17,622 INFO org.apache.hadoop.mapred.MapTask: Map output collector class = org.apache.hadoop.mapred.MapTask$MapOutputBuffer
2017-03-06 16:07:18,304 INFO org.apache.hadoop.mapred.LocalJobRunner: 
2017-03-06 16:07:18,304 INFO org.apache.hadoop.mapred.MapTask: Starting flush of map output
2017-03-06 16:07:18,304 INFO org.apache.hadoop.mapred.MapTask: Spilling map output
2017-03-06 16:07:18,305 INFO org.apache.hadoop.mapred.MapTask: bufstart = 0; bufend = 3447443; bufvoid = 104857600
2017-03-06 16:07:18,305 INFO org.apache.hadoop.mapred.MapTask: kvstart = 26214396(104857584); kvend = 25432028(101728112); length = 782369/6553600
2017-03-06 16:07:18,610 INFO org.apache.hadoop.mapreduce.Job:  map 86% reduce 0%
2017-03-06 16:07:18,652 INFO org.apache.hadoop.mapred.MapTask: Finished spill 0
2017-03-06 16:07:18,654 INFO org.apache.hadoop.mapred.Task: Task:attempt_local804258813_0001_m_000006_0 is done. And is in the process of committing
2017-03-06 16:07:18,657 INFO org.apache.hadoop.mapred.LocalJobRunner: file:/home/cloudera/Desktop/Activite4/purchases.txt:201326592+9986332
2017-03-06 16:07:18,658 INFO org.apache.hadoop.mapred.Task: Task 'attempt_local804258813_0001_m_000006_0' done.
2017-03-06 16:07:18,658 INFO org.apache.hadoop.mapred.LocalJobRunner: Finishing task: attempt_local804258813_0001_m_000006_0
2017-03-06 16:07:18,658 INFO org.apache.hadoop.mapred.LocalJobRunner: map task executor complete.
2017-03-06 16:07:18,714 INFO org.apache.hadoop.mapred.LocalJobRunner: Waiting for reduce tasks
2017-03-06 16:07:18,715 INFO org.apache.hadoop.mapred.LocalJobRunner: Starting task: attempt_local804258813_0001_r_000000_0
2017-03-06 16:07:18,744 INFO org.apache.hadoop.mapreduce.lib.output.FileOutputCommitter: File Output Committer Algorithm version is 1
2017-03-06 16:07:18,745 INFO org.apache.hadoop.mapred.Task:  Using ResourceCalculatorProcessTree : [ ]
2017-03-06 16:07:18,760 INFO org.apache.hadoop.mapred.ReduceTask: Using ShuffleConsumerPlugin: org.apache.hadoop.mapreduce.task.reduce.Shuffle@39990cf6
2017-03-06 16:07:18,967 INFO org.apache.hadoop.mapreduce.task.reduce.MergeManagerImpl: MergerManager: memoryLimit=625003712, maxSingleShuffleLimit=156250928, mergeThreshold=412502464, ioSortFactor=10, memToMemMergeOutputsThreshold=10
2017-03-06 16:07:18,974 INFO org.apache.hadoop.mapreduce.task.reduce.EventFetcher: attempt_local804258813_0001_r_000000_0 Thread started: EventFetcher for fetching Map Completion Events
2017-03-06 16:07:19,060 INFO org.apache.hadoop.mapreduce.task.reduce.LocalFetcher: localfetcher#1 about to shuffle output of map attempt_local804258813_0001_m_000001_0 decomp: 12894432 len: 12894436 to MEMORY
2017-03-06 16:07:19,387 INFO org.apache.hadoop.mapreduce.task.reduce.InMemoryMapOutput: Read 12894432 bytes from map-output for attempt_local804258813_0001_m_000001_0
2017-03-06 16:07:19,402 INFO org.apache.hadoop.mapreduce.task.reduce.MergeManagerImpl: closeInMemoryFile -> map-output of size: 12894432, inMemoryMapOutputs.size() -> 1, commitMemory -> 0, usedMemory ->12894432
2017-03-06 16:07:19,473 INFO org.apache.hadoop.mapreduce.task.reduce.LocalFetcher: localfetcher#1 about to shuffle output of map attempt_local804258813_0001_m_000004_0 decomp: 12893810 len: 12893814 to MEMORY
2017-03-06 16:07:19,552 INFO org.apache.hadoop.mapreduce.task.reduce.InMemoryMapOutput: Read 12893810 bytes from map-output for attempt_local804258813_0001_m_000004_0
2017-03-06 16:07:19,552 INFO org.apache.hadoop.mapreduce.task.reduce.MergeManagerImpl: closeInMemoryFile -> map-output of size: 12893810, inMemoryMapOutputs.size() -> 2, commitMemory -> 12894432, usedMemory ->25788242
2017-03-06 16:07:19,611 INFO org.apache.hadoop.mapreduce.Job:  map 100% reduce 0%
2017-03-06 16:07:19,614 INFO org.apache.hadoop.mapreduce.task.reduce.LocalFetcher: localfetcher#1 about to shuffle output of map attempt_local804258813_0001_m_000000_0 decomp: 12894098 len: 12894102 to MEMORY
2017-03-06 16:07:19,709 INFO org.apache.hadoop.mapreduce.task.reduce.InMemoryMapOutput: Read 12894098 bytes from map-output for attempt_local804258813_0001_m_000000_0
2017-03-06 16:07:19,710 INFO org.apache.hadoop.mapreduce.task.reduce.MergeManagerImpl: closeInMemoryFile -> map-output of size: 12894098, inMemoryMapOutputs.size() -> 3, commitMemory -> 25788242, usedMemory ->38682340
2017-03-06 16:07:19,713 INFO org.apache.hadoop.mapreduce.task.reduce.LocalFetcher: localfetcher#1 about to shuffle output of map attempt_local804258813_0001_m_000006_0 decomp: 3838631 len: 3838635 to MEMORY
2017-03-06 16:07:19,728 INFO org.apache.hadoop.mapreduce.task.reduce.InMemoryMapOutput: Read 3838631 bytes from map-output for attempt_local804258813_0001_m_000006_0
2017-03-06 16:07:19,728 INFO org.apache.hadoop.mapreduce.task.reduce.MergeManagerImpl: closeInMemoryFile -> map-output of size: 3838631, inMemoryMapOutputs.size() -> 4, commitMemory -> 38682340, usedMemory ->42520971
2017-03-06 16:07:19,734 INFO org.apache.hadoop.mapreduce.task.reduce.LocalFetcher: localfetcher#1 about to shuffle output of map attempt_local804258813_0001_m_000003_0 decomp: 12893993 len: 12893997 to MEMORY
2017-03-06 16:07:19,803 INFO org.apache.hadoop.mapreduce.task.reduce.InMemoryMapOutput: Read 12893993 bytes from map-output for attempt_local804258813_0001_m_000003_0
2017-03-06 16:07:19,803 INFO org.apache.hadoop.mapreduce.task.reduce.MergeManagerImpl: closeInMemoryFile -> map-output of size: 12893993, inMemoryMapOutputs.size() -> 5, commitMemory -> 42520971, usedMemory ->55414964
2017-03-06 16:07:19,809 INFO org.apache.hadoop.mapreduce.task.reduce.LocalFetcher: localfetcher#1 about to shuffle output of map attempt_local804258813_0001_m_000002_0 decomp: 12893933 len: 12893937 to MEMORY
2017-03-06 16:07:19,893 INFO org.apache.hadoop.mapreduce.task.reduce.InMemoryMapOutput: Read 12893933 bytes from map-output for attempt_local804258813_0001_m_000002_0
2017-03-06 16:07:19,894 INFO org.apache.hadoop.mapreduce.task.reduce.MergeManagerImpl: closeInMemoryFile -> map-output of size: 12893933, inMemoryMapOutputs.size() -> 6, commitMemory -> 55414964, usedMemory ->68308897
2017-03-06 16:07:19,899 INFO org.apache.hadoop.mapreduce.task.reduce.LocalFetcher: localfetcher#1 about to shuffle output of map attempt_local804258813_0001_m_000005_0 decomp: 12894623 len: 12894627 to MEMORY
2017-03-06 16:07:20,029 INFO org.apache.hadoop.mapreduce.task.reduce.InMemoryMapOutput: Read 12894623 bytes from map-output for attempt_local804258813_0001_m_000005_0
2017-03-06 16:07:20,030 INFO org.apache.hadoop.mapreduce.task.reduce.MergeManagerImpl: closeInMemoryFile -> map-output of size: 12894623, inMemoryMapOutputs.size() -> 7, commitMemory -> 68308897, usedMemory ->81203520
2017-03-06 16:07:20,031 INFO org.apache.hadoop.mapreduce.task.reduce.EventFetcher: EventFetcher is interrupted.. Returning
2017-03-06 16:07:20,033 INFO org.apache.hadoop.mapred.LocalJobRunner: 7 / 7 copied.
2017-03-06 16:07:20,033 INFO org.apache.hadoop.mapreduce.task.reduce.MergeManagerImpl: finalMerge called with 7 in-memory map-outputs and 0 on-disk map-outputs
2017-03-06 16:07:20,060 INFO org.apache.hadoop.mapred.Merger: Merging 7 sorted segments
2017-03-06 16:07:20,061 INFO org.apache.hadoop.mapred.Merger: Down to the last merge-pass, with 7 segments left of total size: 81203422 bytes
2017-03-06 16:07:24,459 INFO org.apache.hadoop.mapreduce.task.reduce.MergeManagerImpl: Merged 7 segments, 81203520 bytes to disk to satisfy reduce memory limit
2017-03-06 16:07:24,460 INFO org.apache.hadoop.mapreduce.task.reduce.MergeManagerImpl: Merging 1 files, 81203512 bytes from disk
2017-03-06 16:07:24,470 INFO org.apache.hadoop.mapreduce.task.reduce.MergeManagerImpl: Merging 0 segments, 0 bytes from memory into reduce
2017-03-06 16:07:24,470 INFO org.apache.hadoop.mapred.Merger: Merging 1 sorted segments
2017-03-06 16:07:24,472 INFO org.apache.hadoop.mapred.Merger: Down to the last merge-pass, with 1 segments left of total size: 81203494 bytes
2017-03-06 16:07:24,473 INFO org.apache.hadoop.mapred.LocalJobRunner: 7 / 7 copied.
2017-03-06 16:07:24,757 INFO org.apache.hadoop.mapred.LocalJobRunner: reduce > reduce
2017-03-06 16:07:25,618 INFO org.apache.hadoop.mapreduce.Job:  map 100% reduce 67%
2017-03-06 16:07:27,766 INFO org.apache.hadoop.mapred.LocalJobRunner: reduce > reduce
2017-03-06 16:07:30,767 INFO org.apache.hadoop.mapred.LocalJobRunner: reduce > reduce
2017-03-06 16:07:31,623 INFO org.apache.hadoop.mapreduce.Job:  map 100% reduce 80%
2017-03-06 16:07:33,768 INFO org.apache.hadoop.mapred.LocalJobRunner: reduce > reduce
2017-03-06 16:07:34,255 INFO org.apache.hadoop.mapred.Task: Task:attempt_local804258813_0001_r_000000_0 is done. And is in the process of committing
2017-03-06 16:07:34,257 INFO org.apache.hadoop.mapred.LocalJobRunner: reduce > reduce
2017-03-06 16:07:34,258 INFO org.apache.hadoop.mapred.Task: Task attempt_local804258813_0001_r_000000_0 is allowed to commit now
2017-03-06 16:07:34,259 INFO org.apache.hadoop.mapreduce.lib.output.FileOutputCommitter: Saved output of task 'attempt_local804258813_0001_r_000000_0' to file:/home/cloudera/Desktop/Activite4/output/_temporary/0/task_local804258813_0001_r_000000
2017-03-06 16:07:34,260 INFO org.apache.hadoop.mapred.LocalJobRunner: reduce > reduce
2017-03-06 16:07:34,261 INFO org.apache.hadoop.mapred.Task: Task 'attempt_local804258813_0001_r_000000_0' done.
2017-03-06 16:07:34,261 INFO org.apache.hadoop.mapred.LocalJobRunner: Finishing task: attempt_local804258813_0001_r_000000_0
2017-03-06 16:07:34,400 INFO org.apache.hadoop.mapred.LocalJobRunner: reduce task executor complete.
2017-03-06 16:07:34,741 INFO org.apache.hadoop.mapreduce.Job:  map 100% reduce 100%
2017-03-06 16:07:35,742 INFO org.apache.hadoop.mapreduce.Job: Job job_local804258813_0001 completed successfully
2017-03-06 16:07:35,803 INFO org.apache.hadoop.mapreduce.Job: Counters: 30
	File System Counters
		FILE: Number of bytes read=1289836044
		FILE: Number of bytes written=516596314
		FILE: Number of read operations=0
		FILE: Number of large read operations=0
		FILE: Number of write operations=0
	Map-Reduce Framework
		Map input records=4138476
		Map output records=4138476
		Map output bytes=72926554
		Map output materialized bytes=81203548
		Input split bytes=721
		Combine input records=0
		Combine output records=0
		Reduce input groups=103
		Reduce shuffle bytes=81203548
		Reduce input records=4138476
		Reduce output records=103
		Spilled Records=8276952
		Shuffled Maps =7
		Failed Shuffles=0
		Merged Map outputs=7
		GC time elapsed (ms)=1999
		Total committed heap usage (bytes)=5363466240
	Shuffle Errors
		BAD_ID=0
		CONNECTION=0
		IO_ERROR=0
		WRONG_LENGTH=0
		WRONG_MAP=0
		WRONG_REDUCE=0
	File Input Format Counters 
		Bytes Read=211337500
	File Output Format Counters 
		Bytes Written=3088
